<testsuites id="" name="" tests="1" failures="0" skipped="0" errors="0" time="6.044523999999999">
<testsuite name="HomePage\Homepage.spec.ts" timestamp="2024-11-22T12:18:59.176Z" hostname="chromium" tests="1" failures="0" skipped="0" time="4.868" errors="0">
<testcase name="Home Page › Kullanıcı anasayfaya ilerler" classname="HomePage\Homepage.spec.ts" time="4.868">
<system-out>
<![CDATA[
[[ATTACHMENT|..\test-results\HomePage-Homepage-Home-Page-Kullanıcı-anasayfaya-ilerler-chromium\trace.zip]]
]]>
</system-out>
</testcase>
</testsuite>
</testsuites>